0 info it worked if it ends with ok
1 verbose cli [ '/usr/bin/node', '/usr/bin/npm', 'install' ]
2 info using npm@1.2.32
3 info using node@v0.10.12
4 verbose node symlink /usr/bin/node
5 verbose read json /home/crousti/code/sandbox/sass-grid/package.json
6 warn package.json sass-grid@0.0.0 No repository field.
7 warn package.json sass-grid@0.0.0 No readme data.
8 verbose readDependencies using package.json deps
9 verbose install where, deps [ '/home/crousti/code/sandbox/sass-grid',
9 verbose install   [ 'grunt',
9 verbose install     'grunt-contrib-copy',
9 verbose install     'grunt-contrib-concat',
9 verbose install     'grunt-contrib-coffee',
9 verbose install     'grunt-contrib-uglify',
9 verbose install     'grunt-contrib-compass',
9 verbose install     'grunt-contrib-jshint',
9 verbose install     'grunt-contrib-cssmin',
9 verbose install     'grunt-contrib-connect',
9 verbose install     'grunt-contrib-clean',
9 verbose install     'grunt-contrib-htmlmin',
9 verbose install     'grunt-contrib-imagemin',
9 verbose install     'grunt-contrib-livereload',
9 verbose install     'grunt-bower-requirejs',
9 verbose install     'grunt-rev',
9 verbose install     'grunt-usemin',
9 verbose install     'grunt-regarde',
9 verbose install     'grunt-mocha',
9 verbose install     'grunt-open',
9 verbose install     'grunt-svgmin',
9 verbose install     'grunt-concurrent',
9 verbose install     'matchdep' ] ]
10 verbose from cache /home/crousti/code/sandbox/sass-grid/package.json
11 info preinstall sass-grid@0.0.0
12 verbose read json /home/crousti/code/sandbox/sass-grid/node_modules/bower/package.json
13 verbose read json /home/crousti/code/sandbox/sass-grid/node_modules/grunt/package.json
14 verbose read json /home/crousti/code/sandbox/sass-grid/node_modules/grunt-bower-requirejs/package.json
15 verbose read json /home/crousti/code/sandbox/sass-grid/node_modules/grunt-concurrent/package.json
16 verbose read json /home/crousti/code/sandbox/sass-grid/node_modules/grunt-contrib-clean/package.json
17 verbose read json /home/crousti/code/sandbox/sass-grid/node_modules/grunt-contrib-coffee/package.json
18 verbose read json /home/crousti/code/sandbox/sass-grid/node_modules/grunt-contrib-compass/package.json
19 verbose read json /home/crousti/code/sandbox/sass-grid/node_modules/grunt-contrib-concat/package.json
20 verbose read json /home/crousti/code/sandbox/sass-grid/node_modules/grunt-contrib-connect/package.json
21 verbose read json /home/crousti/code/sandbox/sass-grid/node_modules/grunt-contrib-copy/package.json
22 verbose read json /home/crousti/code/sandbox/sass-grid/node_modules/grunt-contrib-cssmin/package.json
23 verbose read json /home/crousti/code/sandbox/sass-grid/node_modules/grunt-contrib-htmlmin/package.json
24 verbose read json /home/crousti/code/sandbox/sass-grid/node_modules/grunt-contrib-imagemin/package.json
25 verbose read json /home/crousti/code/sandbox/sass-grid/node_modules/grunt-contrib-livereload/package.json
26 verbose read json /home/crousti/code/sandbox/sass-grid/node_modules/grunt-contrib-uglify/package.json
27 verbose read json /home/crousti/code/sandbox/sass-grid/node_modules/grunt-mocha/package.json
28 verbose read json /home/crousti/code/sandbox/sass-grid/node_modules/grunt-open/package.json
29 verbose read json /home/crousti/code/sandbox/sass-grid/node_modules/grunt-regarde/package.json
30 verbose read json /home/crousti/code/sandbox/sass-grid/node_modules/grunt-rev/package.json
31 verbose read json /home/crousti/code/sandbox/sass-grid/node_modules/grunt-svgmin/package.json
32 verbose read json /home/crousti/code/sandbox/sass-grid/node_modules/grunt-usemin/package.json
33 verbose read json /home/crousti/code/sandbox/sass-grid/node_modules/matchdep/package.json
34 verbose from cache /home/crousti/code/sandbox/sass-grid/package.json
35 verbose readDependencies using package.json deps
36 verbose from cache /home/crousti/code/sandbox/sass-grid/node_modules/bower/package.json
37 verbose from cache /home/crousti/code/sandbox/sass-grid/node_modules/grunt/package.json
38 verbose from cache /home/crousti/code/sandbox/sass-grid/node_modules/grunt-bower-requirejs/package.json
39 verbose from cache /home/crousti/code/sandbox/sass-grid/node_modules/grunt-concurrent/package.json
40 verbose from cache /home/crousti/code/sandbox/sass-grid/node_modules/grunt-contrib-clean/package.json
41 verbose from cache /home/crousti/code/sandbox/sass-grid/node_modules/grunt-contrib-coffee/package.json
42 verbose from cache /home/crousti/code/sandbox/sass-grid/node_modules/grunt-contrib-compass/package.json
43 verbose from cache /home/crousti/code/sandbox/sass-grid/node_modules/grunt-contrib-concat/package.json
44 verbose from cache /home/crousti/code/sandbox/sass-grid/node_modules/grunt-contrib-connect/package.json
45 verbose from cache /home/crousti/code/sandbox/sass-grid/node_modules/grunt-contrib-copy/package.json
46 verbose from cache /home/crousti/code/sandbox/sass-grid/node_modules/grunt-contrib-cssmin/package.json
47 verbose from cache /home/crousti/code/sandbox/sass-grid/node_modules/grunt-contrib-htmlmin/package.json
48 verbose from cache /home/crousti/code/sandbox/sass-grid/node_modules/grunt-contrib-imagemin/package.json
49 verbose from cache /home/crousti/code/sandbox/sass-grid/node_modules/grunt-contrib-livereload/package.json
50 verbose from cache /home/crousti/code/sandbox/sass-grid/node_modules/grunt-contrib-uglify/package.json
51 verbose from cache /home/crousti/code/sandbox/sass-grid/node_modules/grunt-mocha/package.json
52 verbose from cache /home/crousti/code/sandbox/sass-grid/node_modules/grunt-open/package.json
53 verbose from cache /home/crousti/code/sandbox/sass-grid/node_modules/grunt-regarde/package.json
54 verbose from cache /home/crousti/code/sandbox/sass-grid/node_modules/grunt-rev/package.json
55 verbose from cache /home/crousti/code/sandbox/sass-grid/node_modules/grunt-svgmin/package.json
56 verbose from cache /home/crousti/code/sandbox/sass-grid/node_modules/grunt-usemin/package.json
57 verbose from cache /home/crousti/code/sandbox/sass-grid/node_modules/matchdep/package.json
58 verbose already installed skipping grunt-contrib-coffee@~0.6.5 /home/crousti/code/sandbox/sass-grid
59 verbose already installed skipping grunt-contrib-concat@~0.1.3 /home/crousti/code/sandbox/sass-grid
60 verbose already installed skipping grunt-contrib-uglify@~0.2.0 /home/crousti/code/sandbox/sass-grid
61 verbose already installed skipping grunt-contrib-compass@~0.1.3 /home/crousti/code/sandbox/sass-grid
62 verbose already installed skipping grunt-contrib-cssmin@~0.6.0 /home/crousti/code/sandbox/sass-grid
63 verbose cache add [ 'grunt-contrib-jshint@~0.4.1', null ]
64 verbose cache add name=undefined spec="grunt-contrib-jshint@~0.4.1" args=["grunt-contrib-jshint@~0.4.1",null]
65 verbose parsed url { protocol: null,
65 verbose parsed url   slashes: null,
65 verbose parsed url   auth: null,
65 verbose parsed url   host: null,
65 verbose parsed url   port: null,
65 verbose parsed url   hostname: null,
65 verbose parsed url   hash: null,
65 verbose parsed url   search: null,
65 verbose parsed url   query: null,
65 verbose parsed url   pathname: 'grunt-contrib-jshint@~0.4.1',
65 verbose parsed url   path: 'grunt-contrib-jshint@~0.4.1',
65 verbose parsed url   href: 'grunt-contrib-jshint@~0.4.1' }
66 verbose cache add name="grunt-contrib-jshint" spec="~0.4.1" args=["grunt-contrib-jshint","~0.4.1"]
67 verbose parsed url { protocol: null,
67 verbose parsed url   slashes: null,
67 verbose parsed url   auth: null,
67 verbose parsed url   host: null,
67 verbose parsed url   port: null,
67 verbose parsed url   hostname: null,
67 verbose parsed url   hash: null,
67 verbose parsed url   search: null,
67 verbose parsed url   query: null,
67 verbose parsed url   pathname: '~0.4.1',
67 verbose parsed url   path: '~0.4.1',
67 verbose parsed url   href: '~0.4.1' }
68 verbose addNamed [ 'grunt-contrib-jshint', '~0.4.1' ]
69 verbose addNamed [ null, '>=0.4.1- <0.5.0-' ]
70 verbose already installed skipping grunt-contrib-connect@~0.2.0 /home/crousti/code/sandbox/sass-grid
71 silly lockFile 07e17f92-grunt-contrib-jshint-0-4-1 grunt-contrib-jshint@~0.4.1
72 verbose lock grunt-contrib-jshint@~0.4.1 /home/crousti/.npm/07e17f92-grunt-contrib-jshint-0-4-1.lock
73 verbose already installed skipping grunt-contrib-clean@~0.4.0 /home/crousti/code/sandbox/sass-grid
74 silly addNameRange { name: 'grunt-contrib-jshint',
74 silly addNameRange   range: '>=0.4.1- <0.5.0-',
74 silly addNameRange   hasData: false }
75 verbose already installed skipping grunt-contrib-htmlmin@~0.1.3 /home/crousti/code/sandbox/sass-grid
76 verbose already installed skipping grunt-contrib-imagemin@~0.1.3 /home/crousti/code/sandbox/sass-grid
77 verbose url raw grunt-contrib-jshint
78 verbose url resolving [ 'https://registry.npmjs.org/', './grunt-contrib-jshint' ]
79 verbose url resolved https://registry.npmjs.org/grunt-contrib-jshint
80 info trying registry request attempt 1 at 14:54:58
81 verbose etag "27002J93TTNBK7MNM6RKP55UF"
82 http GET https://registry.npmjs.org/grunt-contrib-jshint
83 verbose already installed skipping grunt-bower-requirejs@~0.4.1 /home/crousti/code/sandbox/sass-grid
84 verbose already installed skipping grunt-contrib-livereload@~0.1.2 /home/crousti/code/sandbox/sass-grid
85 verbose already installed skipping grunt-rev@~0.1.0 /home/crousti/code/sandbox/sass-grid
86 verbose already installed skipping grunt-usemin@~0.1.10 /home/crousti/code/sandbox/sass-grid
87 verbose already installed skipping grunt-regarde@~0.1.1 /home/crousti/code/sandbox/sass-grid
88 verbose already installed skipping grunt-mocha@~0.3.0 /home/crousti/code/sandbox/sass-grid
89 verbose already installed skipping grunt-open@~0.2.0 /home/crousti/code/sandbox/sass-grid
90 verbose already installed skipping grunt-svgmin@~0.1.0 /home/crousti/code/sandbox/sass-grid
91 verbose already installed skipping grunt-concurrent@~0.1.0 /home/crousti/code/sandbox/sass-grid
92 verbose already installed skipping matchdep@~0.1.1 /home/crousti/code/sandbox/sass-grid
93 verbose already installed skipping grunt@~0.4.1 /home/crousti/code/sandbox/sass-grid
94 verbose already installed skipping grunt-contrib-copy@~0.4.1 /home/crousti/code/sandbox/sass-grid
95 http 304 https://registry.npmjs.org/grunt-contrib-jshint
96 silly registry.get cb [ 304,
96 silly registry.get   { server: 'CouchDB/1.3.0 (Erlang OTP/R15B03)',
96 silly registry.get     etag: '"27002J93TTNBK7MNM6RKP55UF"',
96 silly registry.get     date: 'Fri, 19 Jul 2013 12:54:59 GMT',
96 silly registry.get     'content-length': '0' } ]
97 verbose etag grunt-contrib-jshint from cache
98 silly addNameRange number 2 { name: 'grunt-contrib-jshint',
98 silly addNameRange   range: '>=0.4.1- <0.5.0-',
98 silly addNameRange   hasData: true }
99 silly addNameRange versions [ 'grunt-contrib-jshint',
99 silly addNameRange   [ '0.1.0',
99 silly addNameRange     '0.1.1',
99 silly addNameRange     '0.2.0',
99 silly addNameRange     '0.3.0',
99 silly addNameRange     '0.4.0',
99 silly addNameRange     '0.4.1',
99 silly addNameRange     '0.4.2',
99 silly addNameRange     '0.4.3',
99 silly addNameRange     '0.5.0',
99 silly addNameRange     '0.5.1',
99 silly addNameRange     '0.5.2',
99 silly addNameRange     '0.5.3',
99 silly addNameRange     '0.5.4',
99 silly addNameRange     '0.6.0',
99 silly addNameRange     '0.1.1-rc5',
99 silly addNameRange     '0.1.1-rc6' ] ]
100 verbose addNamed [ 'grunt-contrib-jshint', '0.4.3' ]
101 verbose addNamed [ '0.4.3', '0.4.3' ]
102 silly lockFile 86aa07b7-grunt-contrib-jshint-0-4-3 grunt-contrib-jshint@0.4.3
103 verbose lock grunt-contrib-jshint@0.4.3 /home/crousti/.npm/86aa07b7-grunt-contrib-jshint-0-4-3.lock
104 verbose read json /home/crousti/.npm/grunt-contrib-jshint/0.4.3/package/package.json
105 silly lockFile 86aa07b7-grunt-contrib-jshint-0-4-3 grunt-contrib-jshint@0.4.3
106 silly lockFile 86aa07b7-grunt-contrib-jshint-0-4-3 grunt-contrib-jshint@0.4.3
107 silly lockFile 07e17f92-grunt-contrib-jshint-0-4-1 grunt-contrib-jshint@~0.4.1
108 silly lockFile 07e17f92-grunt-contrib-jshint-0-4-1 grunt-contrib-jshint@~0.4.1
109 silly resolved [ { name: 'grunt-contrib-jshint',
109 silly resolved     description: 'Validate files with JSHint.',
109 silly resolved     version: '0.4.3',
109 silly resolved     homepage: 'https://github.com/gruntjs/grunt-contrib-jshint',
109 silly resolved     author: { name: 'Grunt Team', url: 'http://gruntjs.com/' },
109 silly resolved     repository:
109 silly resolved      { type: 'git',
109 silly resolved        url: 'git://github.com/gruntjs/grunt-contrib-jshint.git' },
109 silly resolved     bugs: { url: 'https://github.com/gruntjs/grunt-contrib-jshint/issues' },
109 silly resolved     licenses: [ [Object] ],
109 silly resolved     main: 'Gruntfile.js',
109 silly resolved     engines: { node: '>= 0.8.0' },
109 silly resolved     scripts: { test: 'grunt test' },
109 silly resolved     dependencies: { jshint: '~1.1.0' },
109 silly resolved     devDependencies:
109 silly resolved      { 'grunt-contrib-nodeunit': '~0.1.2',
109 silly resolved        'grunt-contrib-internal': '~0.4.2',
109 silly resolved        grunt: '~0.4.0' },
109 silly resolved     peerDependencies: { grunt: '~0.4.0' },
109 silly resolved     keywords: [ 'gruntplugin' ],
109 silly resolved     contributors: [ [Object], [Object] ],
109 silly resolved     readme: '# grunt-contrib-jshint [![Build Status](https://secure.travis-ci.org/gruntjs/grunt-contrib-jshint.png?branch=master)](http://travis-ci.org/gruntjs/grunt-contrib-jshint)\n\n> Validate files with JSHint.\n\n\n\n## Getting Started\nThis plugin requires Grunt `~0.4.0`\n\nIf you haven\'t used [Grunt](http://gruntjs.com/) before, be sure to check out the [Getting Started](http://gruntjs.com/getting-started) guide, as it explains how to create a [Gruntfile](http://gruntjs.com/sample-gruntfile) as well as install and use Grunt plugins. Once you\'re familiar with that process, you may install this plugin with this command:\n\n```shell\nnpm install grunt-contrib-jshint --save-dev\n```\n\nOnce the plugin has been installed, it may be enabled inside your Gruntfile with this line of JavaScript:\n\n```js\ngrunt.loadNpmTasks(\'grunt-contrib-jshint\');\n```\n\n\n\n\n## Jshint task\n_Run this task with the `grunt jshint` command._\n\nTask targets, files and options may be specified according to the grunt [Configuring tasks](http://gruntjs.com/configuring-tasks) guide.\n### Options\n\nAny specified option will be passed through directly to [JSHint][], thus you can specify any option that JSHint supports. See the [JSHint documentation][] for a list of supported options.\n\n[JSHint]: http://www.jshint.com/\n[JSHint documentation]: http://www.jshint.com/docs/\n\nA few additional options are supported:\n\n#### globals\nType: `Object`\nDefault value: `null`\n\nA map of global variables, with keys as names and a boolean value to determine if they are assignable. This is not a standard JSHint option, but is passed into the `JSHINT` function as its third argument. See the [JSHint documentation][] for more information.\n\n#### jshintrc\nType: `String`\nDefault value: `null`\n\nIf this filename is specified, options and globals defined therein will be used. The `jshintrc` file must be valid JSON and looks something like this:\n\n```json\n{\n  "curly": true,\n  "eqnull": true,\n  "eqeqeq": true,\n  "undef": true,\n  "globals": {\n    "jQuery": true\n  }\n}\n```\n\n#### force\nType: `Boolean`\nDefault value: `false`\n\nSet `force` to `true` to report JSHint errors but not fail the task.\n\n### Usage examples\n\n#### Wildcards\nIn this example, running `grunt jshint:all` (or `grunt jshint` because `jshint` is a [multi task][]) will lint the project\'s Gruntfile as well as all JavaScript files in the `lib` and `test` directories and their subdirectores, using the default JSHint options.\n\n```js\n// Project configuration.\ngrunt.initConfig({\n  jshint: {\n    all: [\'Gruntfile.js\', \'lib/**/*.js\', \'test/**/*.js\']\n  }\n});\n```\n\n#### Linting before and after concatenating\nIn this example, running `grunt jshint` will lint both the "beforeconcat" set and "afterconcat" sets of files. This is not ideal, because `dist/output.js` may get linted before it gets created via the [grunt-contrib-concat plugin](https://github.com/gruntjs/grunt-contrib-concat) `concat` task.\n\nIn this case, you should lint the "beforeconcat" files first, then concat, then lint the "afterconcat" files, by running `grunt jshint:beforeconcat concat jshint:afterconcat`.\n\n```js\n// Project configuration.\ngrunt.initConfig({\n  concat: {\n    dist: {\n      src: [\'src/foo.js\', \'src/bar.js\'],\n      dest: \'dist/output.js\'\n    }\n  },\n  jshint: {\n    beforeconcat: [\'src/foo.js\', \'src/bar.js\'],\n    afterconcat: [\'dist/output.js\']\n  }\n});\n```\n\n#### Specifying JSHint options and globals\n\nIn this example, custom JSHint options are specified. Note that when `grunt jshint:uses_defaults` is run, those files are linted using the default options, but when `grunt jshint:with_overrides` is run, those files are linted using _merged_ task/target options.\n\n```js\n// Project configuration.\ngrunt.initConfig({\n  jshint: {\n    options: {\n      curly: true,\n      eqeqeq: true,\n      eqnull: true,\n      browser: true,\n      globals: {\n        jQuery: true\n      },\n    },\n    uses_defaults: [\'dir1/**/*.js\', \'dir2/**/*.js\'],\n    with_overrides: {\n      options: {\n        curly: false,\n        undef: true,\n      },\n      files: {\n        src: [\'dir3/**/*.js\', \'dir4/**/*.js\']\n      },\n    }\n  },\n});\n```\n\n\n## Release History\n\n * 2013-04-08   v0.4.3   Fix evaluation of predef option when it\'s an object.\n * 2013-04-08   v0.4.2   Avoid wiping force option when jshintrc is used.\n * 2013-04-06   v0.4.1   Fix to allow object type for deprecated predef.\n * 2013-04-04   v0.4.0   Revert task level options to override jshintrc files.\n * 2013-03-13   v0.3.0   Bump to JSHint 1.1.0. Add force option to report JSHint errors but not fail the task. Add error/warning code to message. Allow task level options to override jshintrc file.\n * 2013-02-26   v0.2.0   Bump to JSHint 1.0\n * 2013-02-15   v0.1.1   First official release for Grunt 0.4.0.\n * 2013-01-18   v0.1.1rc6   Updating grunt/gruntplugin dependencies to rc6. Changing in-development grunt/gruntplugin dependency versions from tilde version ranges to specific versions.\n * 2013-01-09   v0.1.1rc5   Updating to work with grunt v0.4.0rc5. Switching to this.filesSrc api.\n * 2012-10-18   v0.1.0   Work in progress, not yet officially released.\n\n---\n\nTask submitted by ["Cowboy" Ben Alman](http://benalman.com/)\n\n*This file was generated on Mon Apr 08 2013 21:43:19.*\n',
109 silly resolved     readmeFilename: 'README.md',
109 silly resolved     _id: 'grunt-contrib-jshint@0.4.3',
109 silly resolved     _from: 'grunt-contrib-jshint@~0.4.1' } ]
110 info install grunt-contrib-jshint@0.4.3 into /home/crousti/code/sandbox/sass-grid
111 info installOne grunt-contrib-jshint@0.4.3
112 verbose from cache /home/crousti/.npm/grunt-contrib-jshint/0.4.3/package/package.json
113 info /home/crousti/code/sandbox/sass-grid/node_modules/grunt-contrib-jshint unbuild
114 verbose read json /home/crousti/code/sandbox/sass-grid/node_modules/grunt-contrib-jshint/package.json
115 verbose tar unpack /home/crousti/.npm/grunt-contrib-jshint/0.4.3/package.tgz
116 silly lockFile 07254de6-ode-modules-grunt-contrib-jshint tar:///home/crousti/code/sandbox/sass-grid/node_modules/grunt-contrib-jshint
117 verbose lock tar:///home/crousti/code/sandbox/sass-grid/node_modules/grunt-contrib-jshint /home/crousti/.npm/07254de6-ode-modules-grunt-contrib-jshint.lock
118 silly lockFile f5a215e5-contrib-jshint-0-4-3-package-tgz tar:///home/crousti/.npm/grunt-contrib-jshint/0.4.3/package.tgz
119 verbose lock tar:///home/crousti/.npm/grunt-contrib-jshint/0.4.3/package.tgz /home/crousti/.npm/f5a215e5-contrib-jshint-0-4-3-package-tgz.lock
120 silly gunzTarPerm modes [ '755', '644' ]
121 silly gunzTarPerm extractEntry package.json
122 silly gunzTarPerm extractEntry .npmignore
123 silly gunzTarPerm extractEntry README.md
124 silly gunzTarPerm extractEntry Gruntfile.js
125 silly gunzTarPerm extractEntry CHANGELOG
126 silly gunzTarPerm extractEntry CONTRIBUTING.md
127 silly gunzTarPerm extractEntry .jshintrc
128 silly gunzTarPerm extractEntry LICENSE-MIT
129 silly gunzTarPerm extractEntry .travis.yml
130 silly gunzTarPerm extractEntry docs/jshint-examples.md
131 silly gunzTarPerm extractEntry docs/jshint-options.md
132 silly gunzTarPerm extractEntry docs/jshint-overview.md
133 silly gunzTarPerm extractEntry AUTHORS
134 silly gunzTarPerm extractEntry tasks/jshint.js
135 silly gunzTarPerm extractEntry tasks/lib/jshint.js
136 silly gunzTarPerm extractEntry test/jshint_test.js
137 silly gunzTarPerm extractEntry test/fixtures/lint.txt
138 verbose read json /home/crousti/code/sandbox/sass-grid/node_modules/grunt-contrib-jshint/package.json
139 silly lockFile 07254de6-ode-modules-grunt-contrib-jshint tar:///home/crousti/code/sandbox/sass-grid/node_modules/grunt-contrib-jshint
140 silly lockFile 07254de6-ode-modules-grunt-contrib-jshint tar:///home/crousti/code/sandbox/sass-grid/node_modules/grunt-contrib-jshint
141 silly lockFile f5a215e5-contrib-jshint-0-4-3-package-tgz tar:///home/crousti/.npm/grunt-contrib-jshint/0.4.3/package.tgz
142 silly lockFile f5a215e5-contrib-jshint-0-4-3-package-tgz tar:///home/crousti/.npm/grunt-contrib-jshint/0.4.3/package.tgz
143 info preinstall grunt-contrib-jshint@0.4.3
144 verbose from cache /home/crousti/code/sandbox/sass-grid/node_modules/grunt-contrib-jshint/package.json
145 verbose readDependencies using package.json deps
146 verbose from cache /home/crousti/code/sandbox/sass-grid/node_modules/grunt-contrib-jshint/package.json
147 verbose readDependencies using package.json deps
148 verbose cache add [ 'jshint@~1.1.0', null ]
149 verbose cache add name=undefined spec="jshint@~1.1.0" args=["jshint@~1.1.0",null]
150 verbose parsed url { protocol: null,
150 verbose parsed url   slashes: null,
150 verbose parsed url   auth: null,
150 verbose parsed url   host: null,
150 verbose parsed url   port: null,
150 verbose parsed url   hostname: null,
150 verbose parsed url   hash: null,
150 verbose parsed url   search: null,
150 verbose parsed url   query: null,
150 verbose parsed url   pathname: 'jshint@~1.1.0',
150 verbose parsed url   path: 'jshint@~1.1.0',
150 verbose parsed url   href: 'jshint@~1.1.0' }
151 verbose cache add name="jshint" spec="~1.1.0" args=["jshint","~1.1.0"]
152 verbose parsed url { protocol: null,
152 verbose parsed url   slashes: null,
152 verbose parsed url   auth: null,
152 verbose parsed url   host: null,
152 verbose parsed url   port: null,
152 verbose parsed url   hostname: null,
152 verbose parsed url   hash: null,
152 verbose parsed url   search: null,
152 verbose parsed url   query: null,
152 verbose parsed url   pathname: '~1.1.0',
152 verbose parsed url   path: '~1.1.0',
152 verbose parsed url   href: '~1.1.0' }
153 verbose addNamed [ 'jshint', '~1.1.0' ]
154 verbose addNamed [ null, '>=1.1.0- <1.2.0-' ]
155 silly lockFile d1e6a503-jshint-1-1-0 jshint@~1.1.0
156 verbose lock jshint@~1.1.0 /home/crousti/.npm/d1e6a503-jshint-1-1-0.lock
157 silly addNameRange { name: 'jshint', range: '>=1.1.0- <1.2.0-', hasData: false }
158 verbose url raw jshint
159 verbose url resolving [ 'https://registry.npmjs.org/', './jshint' ]
160 verbose url resolved https://registry.npmjs.org/jshint
161 info trying registry request attempt 1 at 14:54:59
162 verbose etag "3TFMNLQFHJHG98OWZQ9WTKXGR"
163 http GET https://registry.npmjs.org/jshint
164 http 304 https://registry.npmjs.org/jshint
165 silly registry.get cb [ 304,
165 silly registry.get   { server: 'CouchDB/1.3.0 (Erlang OTP/R15B03)',
165 silly registry.get     etag: '"3TFMNLQFHJHG98OWZQ9WTKXGR"',
165 silly registry.get     date: 'Fri, 19 Jul 2013 12:55:01 GMT',
165 silly registry.get     'content-length': '0' } ]
166 verbose etag jshint from cache
167 silly addNameRange number 2 { name: 'jshint', range: '>=1.1.0- <1.2.0-', hasData: true }
168 silly addNameRange versions [ 'jshint',
168 silly addNameRange   [ '0.1.8',
168 silly addNameRange     '0.1.9',
168 silly addNameRange     '0.2.0',
168 silly addNameRange     '0.2.1',
168 silly addNameRange     '0.2.2',
168 silly addNameRange     '0.2.3',
168 silly addNameRange     '0.3.0',
168 silly addNameRange     '0.3.1',
168 silly addNameRange     '0.4.0',
168 silly addNameRange     '0.5.0',
168 silly addNameRange     '0.5.1',
168 silly addNameRange     '0.5.2',
168 silly addNameRange     '0.5.3',
168 silly addNameRange     '0.5.4',
168 silly addNameRange     '0.5.5',
168 silly addNameRange     '0.5.6',
168 silly addNameRange     '0.5.7',
168 silly addNameRange     '0.5.8',
168 silly addNameRange     '0.5.9',
168 silly addNameRange     '0.6.0',
168 silly addNameRange     '0.6.1',
168 silly addNameRange     '0.6.2',
168 silly addNameRange     '0.6.3',
168 silly addNameRange     '0.7.0',
168 silly addNameRange     '0.7.1',
168 silly addNameRange     '0.7.2',
168 silly addNameRange     '0.7.3',
168 silly addNameRange     '0.8.0',
168 silly addNameRange     '0.8.1',
168 silly addNameRange     '0.8.2',
168 silly addNameRange     '0.9.0',
168 silly addNameRange     '0.9.1',
168 silly addNameRange     '1.0.0',
168 silly addNameRange     '1.1.0',
168 silly addNameRange     '2.0.0',
168 silly addNameRange     '2.0.1',
168 silly addNameRange     '2.1.0',
168 silly addNameRange     '2.1.1',
168 silly addNameRange     '2.1.2',
168 silly addNameRange     '2.1.3',
168 silly addNameRange     '2.1.4' ] ]
169 verbose addNamed [ 'jshint', '1.1.0' ]
170 verbose addNamed [ '1.1.0', '1.1.0' ]
171 silly lockFile 49707fe2-jshint-1-1-0 jshint@1.1.0
172 verbose lock jshint@1.1.0 /home/crousti/.npm/49707fe2-jshint-1-1-0.lock
173 verbose read json /home/crousti/.npm/jshint/1.1.0/package/package.json
174 warn package.json jshint@1.1.0 No repository field.
175 silly lockFile 49707fe2-jshint-1-1-0 jshint@1.1.0
176 silly lockFile 49707fe2-jshint-1-1-0 jshint@1.1.0
177 silly lockFile d1e6a503-jshint-1-1-0 jshint@~1.1.0
178 silly lockFile d1e6a503-jshint-1-1-0 jshint@~1.1.0
179 silly resolved [ { name: 'jshint',
179 silly resolved     version: '1.1.0',
179 silly resolved     homepage: 'http://jshint.com/',
179 silly resolved     description: 'Static analysis tool for JavaScript',
179 silly resolved     author:
179 silly resolved      { name: 'Anton Kovalyov',
179 silly resolved        email: 'anton@kovalyov.net',
179 silly resolved        url: 'http://anton.kovalyov.net/' },
179 silly resolved     bin: { jshint: './bin/jshint' },
179 silly resolved     scripts: { test: 'node ./make.js test', lint: 'node ./make.js lint' },
179 silly resolved     main: './src/stable/jshint.js',
179 silly resolved     dependencies:
179 silly resolved      { esprima: 'https://github.com/ariya/esprima/tarball/master',
179 silly resolved        shelljs: '0.1.x',
179 silly resolved        underscore: '1.4.x',
179 silly resolved        peakle: '0.0.x',
179 silly resolved        cli: '0.4.x',
179 silly resolved        minimatch: '0.x.x' },
179 silly resolved     devDependencies:
179 silly resolved      { jshint: '1.1.0',
179 silly resolved        shelljs: '0.1.x',
179 silly resolved        browserify: '1.16.1',
179 silly resolved        coveraje: '0.2.x',
179 silly resolved        nodeunit: '0.7.x',
179 silly resolved        sinon: '1.6.x' },
179 silly resolved     preferGlobal: true,
179 silly resolved     readme: 'JSHint, A Static Code Analysis Tool for JavaScript\n==================================================\n[![Build Status](https://travis-ci.org/jshint/jshint.png?branch=master)](https://travis-ci.org/jshint/jshint)\n\nJSHint is a community-driven tool to detect errors and potential problems in\nJavaScript code and to enforce your team\'s coding conventions. We made JSHint\nvery flexible so you can easily adjust it to your particular coding guidelines\nand the environment you expect your code to execute in.\n\nOur goal is to help JavaScript developers write complex programs without\nworrying about typos and language gotchas.\n\nWe believe that static code analysis programs—as well as other code quality\ntools—are important and beneficial to the JavaScript community and, thus,\nshould not alienate their users.\n\nFor general usage and hacking information, visit our website:\n[http://jshint.com/](http://jshint.com/).\n\nJSHint Fundraiser / Bug Bounties\n--------------------------------\n\nWe\'re [running a fundraiser](https://www.bountysource.com/#fundraisers/91-jshint)\nfor JSHint! If JSHint helps you in your day-to-day development, please consider\ndonating.  All money raised on this page will be used as monetary rewards for\nfixing JSHint bugs and implementing new features. Our hope is to introduce more\ndevelopers to JSHint hacking and boost its development.\n\n**Rules**:\n\n1. All funds (aside from fees) will be used only to fund bounties.\n2. If core team ends up fixing bounty bugs, the reward will be donated to the Electronic Frontier Foundation.\n3. Before marking bugs as fixed, all patches must be reviewed by a core team member.\n\nThanks!\n\nReporting a bug\n---------------\n\nTo report a bug simply create a\n[new GitHub Issue](https://github.com/jshint/jshint/issues/new) and describe\nyour problem or suggestion. We welcome all kind of feedback regarding\nJSHint including but not limited to:\n\n * When JSHint doesn\'t work as expected\n * When JSHint complains about valid JavaScript code that works in all browsers\n * When you simply want a new option or feature\n\nBefore reporting a bug look around to see if there are any open or closed tickets\nthat cover your issue. And remember the wisdom: pull request > bug report > tweet.\n\n\nFAQ\n---\n\n#### How do I turn off "mixed tabs and spaces" warning?\n\nIf you\'re using so-called [smart tabs](http://www.emacswiki.org/SmartTabs)\nthen we have an option `smarttabs` for you. Otherwise, your solution is to\nrun JSHint with a custom reporter that discards any warnings you don\'t like.\nFor example, this [example reporter](https://gist.github.com/3885619)\ndiscards all warnings about mixed tabs and spaces.\n\nContributing\n------------\n\nLook for a file named `CONTRIBUTING.md` in this repository. It contains our\ncontributing guidelines. We also have\n[a mailing list](http://groups.google.com/group/jshint/).\n\nLicense\n-------\n\nJSHint is distributed under the MIT License. One file and one file only\n(src/stable/jshint.js) is distributed under the slightly modified MIT License.\n\nAttribution\n-----------\n\nCore Team members:\n\n * [Anton Kovalyov](http://anton.kovalyov.net/) ([@valueof](http://twitter.com/valueof))\n * [Wolfgang Kluge](http://klugesoftware.de/) ([blog](http://gehirnwindung.de/))\n * [Josh Perez](http://www.goatslacker.com/) ([@goatslacker](http://twitter.com/goatslacker))\n * [Brent Lintner](http://brentlintner.heroku.com/) ([@brentlintner](http://twitter.com/brentlintner))\n\nMaintainer: Anton Kovalyov\n\nThank you!\n----------\n\nWe really appreciate all kind of feedback and contributions. Thanks for using and supporting JSHint!\n',
179 silly resolved     readmeFilename: 'README.md',
179 silly resolved     _id: 'jshint@1.1.0',
179 silly resolved     _from: 'jshint@~1.1.0' } ]
180 info install jshint@1.1.0 into /home/crousti/code/sandbox/sass-grid/node_modules/grunt-contrib-jshint
181 info installOne jshint@1.1.0
182 verbose from cache /home/crousti/.npm/jshint/1.1.0/package/package.json
183 info /home/crousti/code/sandbox/sass-grid/node_modules/grunt-contrib-jshint/node_modules/jshint unbuild
184 verbose read json /home/crousti/code/sandbox/sass-grid/node_modules/grunt-contrib-jshint/node_modules/jshint/package.json
185 verbose tar unpack /home/crousti/.npm/jshint/1.1.0/package.tgz
186 silly lockFile ea3fda23-ntrib-jshint-node-modules-jshint tar:///home/crousti/code/sandbox/sass-grid/node_modules/grunt-contrib-jshint/node_modules/jshint
187 verbose lock tar:///home/crousti/code/sandbox/sass-grid/node_modules/grunt-contrib-jshint/node_modules/jshint /home/crousti/.npm/ea3fda23-ntrib-jshint-node-modules-jshint.lock
188 silly lockFile f4658815-sti-npm-jshint-1-1-0-package-tgz tar:///home/crousti/.npm/jshint/1.1.0/package.tgz
189 verbose lock tar:///home/crousti/.npm/jshint/1.1.0/package.tgz /home/crousti/.npm/f4658815-sti-npm-jshint-1-1-0-package-tgz.lock
190 silly gunzTarPerm modes [ '755', '644' ]
191 silly gunzTarPerm extractEntry package.json
192 silly gunzTarPerm extractEntry .npmignore
193 silly gunzTarPerm extractEntry README.md
194 silly gunzTarPerm extractEntry LICENSE
195 silly gunzTarPerm extractEntry make.js
196 silly gunzTarPerm extractEntry bin/jshint
197 silly gunzTarPerm extractEntry .travis.yml
198 silly gunzTarPerm extractEntry jshint.json
199 silly gunzTarPerm extractEntry tests/cli.js
200 silly gunzTarPerm extractEntry tests/next/fixtures/parser/comments.js
201 silly gunzTarPerm extractEntry tests/next/fixtures/parser/simple_file.js
202 silly gunzTarPerm extractEntry tests/next/fixtures/parser/tokens.json
203 silly gunzTarPerm extractEntry tests/next/fixtures/reason/arguments.js
204 silly gunzTarPerm extractEntry tests/next/fixtures/reason/comparison.js
205 silly gunzTarPerm extractEntry tests/next/fixtures/reason/debugger.js
206 silly gunzTarPerm extractEntry tests/next/fixtures/reason/esprima.js
207 silly gunzTarPerm extractEntry tests/next/fixtures/reason/expr_in_test.js
208 silly gunzTarPerm extractEntry tests/next/fixtures/reason/bitwise.js
209 silly gunzTarPerm extractEntry tests/next/fixtures/reason/iterator.js
210 silly gunzTarPerm extractEntry tests/next/fixtures/reason/native.js
211 silly gunzTarPerm extractEntry tests/next/fixtures/reason/proto.js
212 silly gunzTarPerm extractEntry tests/next/fixtures/reason/shadow.js
213 silly gunzTarPerm extractEntry tests/next/fixtures/reason/trailing.js
214 silly gunzTarPerm extractEntry tests/next/fixtures/reason/asi.js
215 silly gunzTarPerm extractEntry tests/next/fixtures/reason/undef.js
216 silly gunzTarPerm extractEntry tests/next/fixtures/reason/fifty.js
217 silly gunzTarPerm extractEntry tests/next/fixtures/regexp/dashes.js
218 silly gunzTarPerm extractEntry tests/next/fixtures/utils/simple_file.js
219 silly gunzTarPerm extractEntry tests/next/lib/helpers.js
220 silly gunzTarPerm extractEntry tests/next/unit/parser.js
221 silly gunzTarPerm extractEntry tests/next/unit/reason.js
222 silly gunzTarPerm extractEntry tests/next/unit/regexp.js
223 silly gunzTarPerm extractEntry tests/next/unit/utils.js
224 silly gunzTarPerm extractEntry tests/stable/helpers/coveraje.js
225 silly gunzTarPerm extractEntry tests/stable/helpers/fixture.js
226 silly gunzTarPerm extractEntry tests/stable/helpers/testhelper.js
227 silly gunzTarPerm extractEntry tests/stable/regression/npm.js
228 silly gunzTarPerm extractEntry tests/stable/regression/thirdparty.js
229 silly gunzTarPerm extractEntry tests/stable/regression/libs/backbone.js
230 silly gunzTarPerm extractEntry tests/stable/regression/libs/codemirror3.js
231 silly gunzTarPerm extractEntry tests/stable/regression/libs/jquery-1.7.js
232 silly gunzTarPerm extractEntry tests/stable/regression/libs/json2.js
233 silly gunzTarPerm extractEntry tests/stable/regression/libs/lodash.js
234 silly gunzTarPerm extractEntry tests/stable/regression/libs/prototype-17.js
235 silly gunzTarPerm extractEntry tests/stable/unit/core.js
236 silly gunzTarPerm extractEntry tests/stable/unit/envs.js
237 silly gunzTarPerm extractEntry tests/stable/unit/options.js
238 silly gunzTarPerm extractEntry tests/stable/unit/parser.js
239 silly gunzTarPerm extractEntry tests/stable/unit/fixtures/asi.js
240 silly gunzTarPerm extractEntry tests/stable/unit/fixtures/latedef.js
241 silly gunzTarPerm extractEntry tests/stable/unit/fixtures/latedefundef.js
242 silly gunzTarPerm extractEntry tests/stable/unit/fixtures/laxbreak.js
243 silly gunzTarPerm extractEntry tests/stable/unit/fixtures/laxcomma.js
244 silly gunzTarPerm extractEntry tests/stable/unit/fixtures/lastsemic.js
245 silly gunzTarPerm extractEntry tests/stable/unit/fixtures/max-cyclomatic-complexity-per-function.js
246 silly gunzTarPerm extractEntry tests/stable/unit/fixtures/max-nested-block-depth-per-function.js
247 silly gunzTarPerm extractEntry tests/stable/unit/fixtures/max-parameters-per-function.js
248 silly gunzTarPerm extractEntry tests/stable/unit/fixtures/max-statements-per-function.js
249 silly gunzTarPerm extractEntry tests/stable/unit/fixtures/maxlen.js
250 silly gunzTarPerm extractEntry tests/stable/unit/fixtures/jslintRenamed.js
251 silly gunzTarPerm extractEntry tests/stable/unit/fixtures/missingspaces.js
252 silly gunzTarPerm extractEntry tests/stable/unit/fixtures/jslintOptions.js
253 silly gunzTarPerm extractEntry tests/stable/unit/fixtures/nestedFunctions-locations.js
254 silly gunzTarPerm extractEntry tests/stable/unit/fixtures/jslintInverted.js
255 silly gunzTarPerm extractEntry tests/stable/unit/fixtures/nestedFunctions.js
256 silly gunzTarPerm extractEntry tests/stable/unit/fixtures/insideEval.js
257 silly gunzTarPerm extractEntry tests/stable/unit/fixtures/newcap.js
258 silly gunzTarPerm extractEntry tests/stable/unit/fixtures/indent.js
259 silly gunzTarPerm extractEntry tests/stable/unit/fixtures/noarg.js
260 silly gunzTarPerm extractEntry tests/stable/unit/fixtures/immed.js
261 silly gunzTarPerm extractEntry tests/stable/unit/fixtures/onevar.js
262 silly gunzTarPerm extractEntry tests/stable/unit/fixtures/ignored.js
263 silly gunzTarPerm extractEntry tests/stable/unit/fixtures/protoiterator.js
264 silly gunzTarPerm extractEntry tests/stable/unit/fixtures/identifiers.js
265 silly gunzTarPerm extractEntry tests/stable/unit/fixtures/quotes.js
266 silly gunzTarPerm extractEntry tests/stable/unit/fixtures/gruntComment.js
267 silly gunzTarPerm extractEntry tests/stable/unit/fixtures/quotes2.js
268 silly gunzTarPerm extractEntry tests/stable/unit/fixtures/gh878.js
269 silly gunzTarPerm extractEntry tests/stable/unit/fixtures/quotes3.js
270 silly gunzTarPerm extractEntry tests/stable/unit/fixtures/gh668.js
271 silly gunzTarPerm extractEntry tests/stable/unit/fixtures/redef.js
272 silly gunzTarPerm extractEntry tests/stable/unit/fixtures/gh618.js
273 silly gunzTarPerm extractEntry tests/stable/unit/fixtures/regex_array.js
274 silly gunzTarPerm extractEntry tests/stable/unit/fixtures/gh56.js
275 silly gunzTarPerm extractEntry tests/stable/unit/fixtures/reserved.js
276 silly gunzTarPerm extractEntry tests/stable/unit/fixtures/gh431.js
277 silly gunzTarPerm extractEntry tests/stable/unit/fixtures/return.js
278 silly gunzTarPerm extractEntry tests/stable/unit/fixtures/gh247.js
279 silly gunzTarPerm extractEntry tests/stable/unit/fixtures/scope.js
280 silly gunzTarPerm extractEntry tests/stable/unit/fixtures/gh-334.js
281 silly gunzTarPerm extractEntry tests/stable/unit/fixtures/scripturl.js
282 silly gunzTarPerm extractEntry tests/stable/unit/fixtures/gh-226.js
283 silly gunzTarPerm extractEntry tests/stable/unit/fixtures/smarttabs.js
284 silly gunzTarPerm extractEntry tests/stable/unit/fixtures/functionScopedOptions.js
285 silly gunzTarPerm extractEntry tests/stable/unit/fixtures/strict_incorrect.js
286 silly gunzTarPerm extractEntry tests/stable/unit/fixtures/forin.js
287 silly gunzTarPerm extractEntry tests/stable/unit/fixtures/strict_newcap.js
288 silly gunzTarPerm extractEntry tests/stable/unit/fixtures/exported.js
289 silly gunzTarPerm extractEntry tests/stable/unit/fixtures/strict_this.js
290 silly gunzTarPerm extractEntry tests/stable/unit/fixtures/es5Reserved.js
291 silly gunzTarPerm extractEntry tests/stable/unit/fixtures/strict_this2.js
292 silly gunzTarPerm extractEntry tests/stable/unit/fixtures/es5.js
293 silly gunzTarPerm extractEntry tests/stable/unit/fixtures/strict_violations.js
294 silly gunzTarPerm extractEntry tests/stable/unit/fixtures/es5.funcexpr.js
295 silly gunzTarPerm extractEntry tests/stable/unit/fixtures/strings.js
296 silly gunzTarPerm extractEntry tests/stable/unit/fixtures/eqeqeq.js
297 silly gunzTarPerm extractEntry tests/stable/unit/fixtures/supernew.js
298 silly gunzTarPerm extractEntry tests/stable/unit/fixtures/emptystmt.js
299 silly gunzTarPerm extractEntry tests/stable/unit/fixtures/switchDefaultFirst.js
300 silly gunzTarPerm extractEntry tests/stable/unit/fixtures/curly2.js
301 silly gunzTarPerm extractEntry tests/stable/unit/fixtures/switchFallThrough.js
302 silly gunzTarPerm extractEntry tests/stable/unit/fixtures/curly.js
303 silly gunzTarPerm extractEntry tests/stable/unit/fixtures/trycatch.js
304 silly gunzTarPerm extractEntry tests/stable/unit/fixtures/const.js
305 silly gunzTarPerm extractEntry tests/stable/unit/fixtures/undef.js
306 silly gunzTarPerm extractEntry tests/stable/unit/fixtures/comma.js
307 silly gunzTarPerm extractEntry tests/stable/unit/fixtures/undef_func.js
308 silly gunzTarPerm extractEntry tests/stable/unit/fixtures/caseExpressions.js
309 silly gunzTarPerm extractEntry tests/stable/unit/fixtures/undefstrict.js
310 silly gunzTarPerm extractEntry tests/stable/unit/fixtures/camelcase.js
311 silly gunzTarPerm extractEntry tests/stable/unit/fixtures/unused.js
312 silly gunzTarPerm extractEntry tests/stable/unit/fixtures/browser.js
313 silly gunzTarPerm extractEntry tests/stable/unit/fixtures/unusedglobals.js
314 silly gunzTarPerm extractEntry tests/stable/unit/fixtures/boss.js
315 silly gunzTarPerm extractEntry tests/stable/unit/fixtures/white.js
316 silly gunzTarPerm extractEntry tests/stable/unit/fixtures/blocks.js
317 silly gunzTarPerm extractEntry tests/stable/unit/fixtures/with.js
318 silly gunzTarPerm extractEntry tests/stable/unit/fixtures/loopfunc.js
319 silly gunzTarPerm extractEntry CONTRIBUTING.md
320 silly gunzTarPerm extractEntry res/jshint.ai
321 silly gunzTarPerm extractEntry src/cli/cli.js
322 silly gunzTarPerm extractEntry src/next/constants.js
323 silly gunzTarPerm extractEntry src/next/jshint.js
324 silly gunzTarPerm extractEntry src/next/reason.js
325 silly gunzTarPerm extractEntry src/next/regexp.js
326 silly gunzTarPerm extractEntry src/next/utils.js
327 silly gunzTarPerm extractEntry src/platforms/rhino.js
328 silly gunzTarPerm extractEntry src/reporters/checkstyle.js
329 silly gunzTarPerm extractEntry src/reporters/default.js
330 silly gunzTarPerm extractEntry src/reporters/jslint_xml.js
331 silly gunzTarPerm extractEntry src/reporters/non_error.js
332 silly gunzTarPerm extractEntry src/shared/messages.js
333 silly gunzTarPerm extractEntry src/shared/vars.js
334 silly gunzTarPerm extractEntry src/stable/jshint.js
335 silly gunzTarPerm extractEntry src/stable/lex.js
336 silly gunzTarPerm extractEntry src/stable/reg.js
337 silly gunzTarPerm extractEntry src/stable/state.js
338 silly gunzTarPerm extractEntry src/stable/style.js
339 silly gunzTarPerm extractEntry examples/reporter.js
340 silly gunzTarPerm extractEntry examples/.jshintignore
341 silly gunzTarPerm extractEntry examples/.jshintrc
342 verbose read json /home/crousti/code/sandbox/sass-grid/node_modules/grunt-contrib-jshint/node_modules/jshint/package.json
343 silly lockFile ea3fda23-ntrib-jshint-node-modules-jshint tar:///home/crousti/code/sandbox/sass-grid/node_modules/grunt-contrib-jshint/node_modules/jshint
344 silly lockFile ea3fda23-ntrib-jshint-node-modules-jshint tar:///home/crousti/code/sandbox/sass-grid/node_modules/grunt-contrib-jshint/node_modules/jshint
345 silly lockFile f4658815-sti-npm-jshint-1-1-0-package-tgz tar:///home/crousti/.npm/jshint/1.1.0/package.tgz
346 silly lockFile f4658815-sti-npm-jshint-1-1-0-package-tgz tar:///home/crousti/.npm/jshint/1.1.0/package.tgz
347 info preinstall jshint@1.1.0
348 verbose from cache /home/crousti/code/sandbox/sass-grid/node_modules/grunt-contrib-jshint/node_modules/jshint/package.json
349 verbose readDependencies using package.json deps
350 verbose from cache /home/crousti/code/sandbox/sass-grid/node_modules/grunt-contrib-jshint/node_modules/jshint/package.json
351 verbose readDependencies using package.json deps
352 verbose cache add [ 'esprima@https://github.com/ariya/esprima/tarball/master',
352 verbose cache add   null ]
353 verbose cache add name=undefined spec="esprima@https://github.com/ariya/esprima/tarball/master" args=["esprima@https://github.com/ariya/esprima/tarball/master",null]
354 verbose parsed url { protocol: null,
354 verbose parsed url   slashes: null,
354 verbose parsed url   auth: null,
354 verbose parsed url   host: null,
354 verbose parsed url   port: null,
354 verbose parsed url   hostname: null,
354 verbose parsed url   hash: null,
354 verbose parsed url   search: null,
354 verbose parsed url   query: null,
354 verbose parsed url   pathname: 'esprima@https://github.com/ariya/esprima/tarball/master',
354 verbose parsed url   path: 'esprima@https://github.com/ariya/esprima/tarball/master',
354 verbose parsed url   href: 'esprima@https://github.com/ariya/esprima/tarball/master' }
355 verbose cache add name="esprima" spec="https://github.com/ariya/esprima/tarball/master" args=["esprima","https://github.com/ariya/esprima/tarball/master"]
356 verbose parsed url { protocol: 'https:',
356 verbose parsed url   slashes: true,
356 verbose parsed url   auth: null,
356 verbose parsed url   host: 'github.com',
356 verbose parsed url   port: null,
356 verbose parsed url   hostname: 'github.com',
356 verbose parsed url   hash: null,
356 verbose parsed url   search: null,
356 verbose parsed url   query: null,
356 verbose parsed url   pathname: '/ariya/esprima/tarball/master',
356 verbose parsed url   path: '/ariya/esprima/tarball/master',
356 verbose parsed url   href: 'https://github.com/ariya/esprima/tarball/master' }
357 silly lockFile d0b8fe59-com-ariya-esprima-tarball-master https://github.com/ariya/esprima/tarball/master
358 verbose lock https://github.com/ariya/esprima/tarball/master /home/crousti/.npm/d0b8fe59-com-ariya-esprima-tarball-master.lock
359 verbose cache add [ 'shelljs@0.1.x', null ]
360 verbose cache add name=undefined spec="shelljs@0.1.x" args=["shelljs@0.1.x",null]
361 verbose parsed url { protocol: null,
361 verbose parsed url   slashes: null,
361 verbose parsed url   auth: null,
361 verbose parsed url   host: null,
361 verbose parsed url   port: null,
361 verbose parsed url   hostname: null,
361 verbose parsed url   hash: null,
361 verbose parsed url   search: null,
361 verbose parsed url   query: null,
361 verbose parsed url   pathname: 'shelljs@0.1.x',
361 verbose parsed url   path: 'shelljs@0.1.x',
361 verbose parsed url   href: 'shelljs@0.1.x' }
362 verbose cache add name="shelljs" spec="0.1.x" args=["shelljs","0.1.x"]
363 verbose parsed url { protocol: null,
363 verbose parsed url   slashes: null,
363 verbose parsed url   auth: null,
363 verbose parsed url   host: null,
363 verbose parsed url   port: null,
363 verbose parsed url   hostname: null,
363 verbose parsed url   hash: null,
363 verbose parsed url   search: null,
363 verbose parsed url   query: null,
363 verbose parsed url   pathname: '0.1.x',
363 verbose parsed url   path: '0.1.x',
363 verbose parsed url   href: '0.1.x' }
364 verbose addNamed [ 'shelljs', '0.1.x' ]
365 verbose addNamed [ null, '>=0.1.0- <0.2.0-' ]
366 silly lockFile cc65d7ed-shelljs-0-1-x shelljs@0.1.x
367 verbose lock shelljs@0.1.x /home/crousti/.npm/cc65d7ed-shelljs-0-1-x.lock
368 verbose addRemoteTarball [ 'https://github.com/ariya/esprima/tarball/master', null ]
369 silly addNameRange { name: 'shelljs', range: '>=0.1.0- <0.2.0-', hasData: false }
370 verbose cache add [ 'underscore@1.4.x', null ]
371 verbose cache add name=undefined spec="underscore@1.4.x" args=["underscore@1.4.x",null]
372 verbose parsed url { protocol: null,
372 verbose parsed url   slashes: null,
372 verbose parsed url   auth: null,
372 verbose parsed url   host: null,
372 verbose parsed url   port: null,
372 verbose parsed url   hostname: null,
372 verbose parsed url   hash: null,
372 verbose parsed url   search: null,
372 verbose parsed url   query: null,
372 verbose parsed url   pathname: 'underscore@1.4.x',
372 verbose parsed url   path: 'underscore@1.4.x',
372 verbose parsed url   href: 'underscore@1.4.x' }
373 verbose cache add name="underscore" spec="1.4.x" args=["underscore","1.4.x"]
374 verbose parsed url { protocol: null,
374 verbose parsed url   slashes: null,
374 verbose parsed url   auth: null,
374 verbose parsed url   host: null,
374 verbose parsed url   port: null,
374 verbose parsed url   hostname: null,
374 verbose parsed url   hash: null,
374 verbose parsed url   search: null,
374 verbose parsed url   query: null,
374 verbose parsed url   pathname: '1.4.x',
374 verbose parsed url   path: '1.4.x',
374 verbose parsed url   href: '1.4.x' }
375 verbose addNamed [ 'underscore', '1.4.x' ]
376 verbose addNamed [ null, '>=1.4.0- <1.5.0-' ]
377 silly lockFile 53dcd9dd-underscore-1-4-x underscore@1.4.x
378 verbose lock underscore@1.4.x /home/crousti/.npm/53dcd9dd-underscore-1-4-x.lock
379 verbose cache add [ 'peakle@0.0.x', null ]
380 verbose cache add name=undefined spec="peakle@0.0.x" args=["peakle@0.0.x",null]
381 verbose parsed url { protocol: null,
381 verbose parsed url   slashes: null,
381 verbose parsed url   auth: null,
381 verbose parsed url   host: null,
381 verbose parsed url   port: null,
381 verbose parsed url   hostname: null,
381 verbose parsed url   hash: null,
381 verbose parsed url   search: null,
381 verbose parsed url   query: null,
381 verbose parsed url   pathname: 'peakle@0.0.x',
381 verbose parsed url   path: 'peakle@0.0.x',
381 verbose parsed url   href: 'peakle@0.0.x' }
382 verbose cache add name="peakle" spec="0.0.x" args=["peakle","0.0.x"]
383 verbose parsed url { protocol: null,
383 verbose parsed url   slashes: null,
383 verbose parsed url   auth: null,
383 verbose parsed url   host: null,
383 verbose parsed url   port: null,
383 verbose parsed url   hostname: null,
383 verbose parsed url   hash: null,
383 verbose parsed url   search: null,
383 verbose parsed url   query: null,
383 verbose parsed url   pathname: '0.0.x',
383 verbose parsed url   path: '0.0.x',
383 verbose parsed url   href: '0.0.x' }
384 verbose addNamed [ 'peakle', '0.0.x' ]
385 verbose addNamed [ null, '>=0.0.0- <0.1.0-' ]
386 silly lockFile e02b476a-peakle-0-0-x peakle@0.0.x
387 verbose lock peakle@0.0.x /home/crousti/.npm/e02b476a-peakle-0-0-x.lock
388 verbose cache add [ 'cli@0.4.x', null ]
389 verbose cache add name=undefined spec="cli@0.4.x" args=["cli@0.4.x",null]
390 verbose parsed url { protocol: null,
390 verbose parsed url   slashes: null,
390 verbose parsed url   auth: null,
390 verbose parsed url   host: null,
390 verbose parsed url   port: null,
390 verbose parsed url   hostname: null,
390 verbose parsed url   hash: null,
390 verbose parsed url   search: null,
390 verbose parsed url   query: null,
390 verbose parsed url   pathname: 'cli@0.4.x',
390 verbose parsed url   path: 'cli@0.4.x',
390 verbose parsed url   href: 'cli@0.4.x' }
391 verbose cache add name="cli" spec="0.4.x" args=["cli","0.4.x"]
392 verbose parsed url { protocol: null,
392 verbose parsed url   slashes: null,
392 verbose parsed url   auth: null,
392 verbose parsed url   host: null,
392 verbose parsed url   port: null,
392 verbose parsed url   hostname: null,
392 verbose parsed url   hash: null,
392 verbose parsed url   search: null,
392 verbose parsed url   query: null,
392 verbose parsed url   pathname: '0.4.x',
392 verbose parsed url   path: '0.4.x',
392 verbose parsed url   href: '0.4.x' }
393 verbose addNamed [ 'cli', '0.4.x' ]
394 verbose addNamed [ null, '>=0.4.0- <0.5.0-' ]
395 silly lockFile c9212ae8-cli-0-4-x cli@0.4.x
396 verbose lock cli@0.4.x /home/crousti/.npm/c9212ae8-cli-0-4-x.lock
397 silly addNameRange { name: 'underscore', range: '>=1.4.0- <1.5.0-', hasData: false }
398 silly addNameRange { name: 'peakle', range: '>=0.0.0- <0.1.0-', hasData: false }
399 verbose cache add [ 'minimatch@0.x.x', null ]
400 verbose cache add name=undefined spec="minimatch@0.x.x" args=["minimatch@0.x.x",null]
401 verbose parsed url { protocol: null,
401 verbose parsed url   slashes: null,
401 verbose parsed url   auth: null,
401 verbose parsed url   host: null,
401 verbose parsed url   port: null,
401 verbose parsed url   hostname: null,
401 verbose parsed url   hash: null,
401 verbose parsed url   search: null,
401 verbose parsed url   query: null,
401 verbose parsed url   pathname: 'minimatch@0.x.x',
401 verbose parsed url   path: 'minimatch@0.x.x',
401 verbose parsed url   href: 'minimatch@0.x.x' }
402 verbose cache add name="minimatch" spec="0.x.x" args=["minimatch","0.x.x"]
403 verbose parsed url { protocol: null,
403 verbose parsed url   slashes: null,
403 verbose parsed url   auth: null,
403 verbose parsed url   host: null,
403 verbose parsed url   port: null,
403 verbose parsed url   hostname: null,
403 verbose parsed url   hash: null,
403 verbose parsed url   search: null,
403 verbose parsed url   query: null,
403 verbose parsed url   pathname: '0.x.x',
403 verbose parsed url   path: '0.x.x',
403 verbose parsed url   href: '0.x.x' }
404 verbose addNamed [ 'minimatch', '0.x.x' ]
405 verbose addNamed [ null, '>=0.0.0- <1.0.0-' ]
406 silly lockFile 38c78372-minimatch-0-x-x minimatch@0.x.x
407 verbose lock minimatch@0.x.x /home/crousti/.npm/38c78372-minimatch-0-x-x.lock
408 silly addNameRange { name: 'cli', range: '>=0.4.0- <0.5.0-', hasData: false }
409 silly addNameRange { name: 'minimatch', range: '>=0.0.0- <1.0.0-', hasData: false }
410 info retry fetch attempt 1 at 14:55:01
411 verbose fetch to= /home/crousti/tmp/npm-3660/1374238501593-0.865058038616553/tmp.tgz
412 http GET https://github.com/ariya/esprima/tarball/master
413 verbose url raw shelljs
414 verbose url resolving [ 'https://registry.npmjs.org/', './shelljs' ]
415 verbose url resolved https://registry.npmjs.org/shelljs
416 info trying registry request attempt 1 at 14:55:01
417 verbose etag "4LKESUYSN1H19O1VKBPLPIFW0"
418 http GET https://registry.npmjs.org/shelljs
419 verbose url raw underscore
420 verbose url resolving [ 'https://registry.npmjs.org/', './underscore' ]
421 verbose url resolved https://registry.npmjs.org/underscore
422 info trying registry request attempt 1 at 14:55:01
423 verbose etag "3MEDJ9XFLYN95XB53UD5ITMHH"
424 http GET https://registry.npmjs.org/underscore
425 verbose url raw peakle
426 verbose url resolving [ 'https://registry.npmjs.org/', './peakle' ]
427 verbose url resolved https://registry.npmjs.org/peakle
428 info trying registry request attempt 1 at 14:55:01
429 verbose etag "37SRDDQJM7O2L56Z79UGHIC0I"
430 http GET https://registry.npmjs.org/peakle
431 verbose url raw cli
432 verbose url resolving [ 'https://registry.npmjs.org/', './cli' ]
433 verbose url resolved https://registry.npmjs.org/cli
434 info trying registry request attempt 1 at 14:55:01
435 verbose etag "2GHZMDWWS1NNPAOKFDZLJP7D1"
436 http GET https://registry.npmjs.org/cli
437 verbose url raw minimatch
438 verbose url resolving [ 'https://registry.npmjs.org/', './minimatch' ]
439 verbose url resolved https://registry.npmjs.org/minimatch
440 info trying registry request attempt 1 at 14:55:01
441 verbose etag "433GUXE31BY78MEUH5M7CIXOG"
442 http GET https://registry.npmjs.org/minimatch
443 http 304 https://registry.npmjs.org/peakle
444 silly registry.get cb [ 304,
444 silly registry.get   { server: 'CouchDB/1.3.0 (Erlang OTP/R15B03)',
444 silly registry.get     etag: '"37SRDDQJM7O2L56Z79UGHIC0I"',
444 silly registry.get     date: 'Fri, 19 Jul 2013 12:55:02 GMT',
444 silly registry.get     'content-length': '0' } ]
445 verbose etag peakle from cache
446 silly addNameRange number 2 { name: 'peakle', range: '>=0.0.0- <0.1.0-', hasData: true }
447 silly addNameRange versions [ 'peakle', [ '0.0.1' ] ]
448 verbose addNamed [ 'peakle', '0.0.1' ]
449 verbose addNamed [ '0.0.1', '0.0.1' ]
450 silly lockFile b5e5d817-peakle-0-0-1 peakle@0.0.1
451 verbose lock peakle@0.0.1 /home/crousti/.npm/b5e5d817-peakle-0-0-1.lock
452 verbose read json /home/crousti/.npm/peakle/0.0.1/package/package.json
453 warn package.json peakle@0.0.1 No repository field.
454 silly lockFile b5e5d817-peakle-0-0-1 peakle@0.0.1
455 silly lockFile b5e5d817-peakle-0-0-1 peakle@0.0.1
456 silly lockFile e02b476a-peakle-0-0-x peakle@0.0.x
457 silly lockFile e02b476a-peakle-0-0-x peakle@0.0.x
458 http 304 https://registry.npmjs.org/underscore
459 silly registry.get cb [ 304,
459 silly registry.get   { server: 'CouchDB/1.3.0 (Erlang OTP/R15B03)',
459 silly registry.get     etag: '"3MEDJ9XFLYN95XB53UD5ITMHH"',
459 silly registry.get     date: 'Fri, 19 Jul 2013 12:55:02 GMT',
459 silly registry.get     'content-length': '0' } ]
460 verbose etag underscore from cache
461 silly addNameRange number 2 { name: 'underscore', range: '>=1.4.0- <1.5.0-', hasData: true }
462 silly addNameRange versions [ 'underscore',
462 silly addNameRange   [ '1.0.3',
462 silly addNameRange     '1.0.4',
462 silly addNameRange     '1.1.0',
462 silly addNameRange     '1.1.1',
462 silly addNameRange     '1.1.2',
462 silly addNameRange     '1.1.3',
462 silly addNameRange     '1.1.4',
462 silly addNameRange     '1.1.5',
462 silly addNameRange     '1.1.6',
462 silly addNameRange     '1.1.7',
462 silly addNameRange     '1.2.0',
462 silly addNameRange     '1.2.1',
462 silly addNameRange     '1.2.2',
462 silly addNameRange     '1.2.3',
462 silly addNameRange     '1.2.4',
462 silly addNameRange     '1.3.0',
462 silly addNameRange     '1.3.1',
462 silly addNameRange     '1.3.2',
462 silly addNameRange     '1.3.3',
462 silly addNameRange     '1.4.0',
462 silly addNameRange     '1.4.1',
462 silly addNameRange     '1.4.2',
462 silly addNameRange     '1.4.3',
462 silly addNameRange     '1.4.4',
462 silly addNameRange     '1.5.0',
462 silly addNameRange     '1.5.1' ] ]
463 verbose addNamed [ 'underscore', '1.4.4' ]
464 verbose addNamed [ '1.4.4', '1.4.4' ]
465 silly lockFile c6b5e825-underscore-1-4-4 underscore@1.4.4
466 verbose lock underscore@1.4.4 /home/crousti/.npm/c6b5e825-underscore-1-4-4.lock
467 verbose read json /home/crousti/.npm/underscore/1.4.4/package/package.json
468 silly lockFile c6b5e825-underscore-1-4-4 underscore@1.4.4
469 silly lockFile c6b5e825-underscore-1-4-4 underscore@1.4.4
470 silly lockFile 53dcd9dd-underscore-1-4-x underscore@1.4.x
471 silly lockFile 53dcd9dd-underscore-1-4-x underscore@1.4.x
472 http 304 https://registry.npmjs.org/minimatch
473 silly registry.get cb [ 304,
473 silly registry.get   { server: 'CouchDB/1.3.0 (Erlang OTP/R15B03)',
473 silly registry.get     etag: '"433GUXE31BY78MEUH5M7CIXOG"',
473 silly registry.get     date: 'Fri, 19 Jul 2013 12:55:03 GMT',
473 silly registry.get     'content-length': '0' } ]
474 verbose etag minimatch from cache
475 silly addNameRange number 2 { name: 'minimatch', range: '>=0.0.0- <1.0.0-', hasData: true }
476 silly addNameRange versions [ 'minimatch',
476 silly addNameRange   [ '0.0.1',
476 silly addNameRange     '0.0.2',
476 silly addNameRange     '0.0.4',
476 silly addNameRange     '0.0.5',
476 silly addNameRange     '0.1.1',
476 silly addNameRange     '0.1.2',
476 silly addNameRange     '0.1.3',
476 silly addNameRange     '0.1.4',
476 silly addNameRange     '0.1.5',
476 silly addNameRange     '0.2.0',
476 silly addNameRange     '0.2.2',
476 silly addNameRange     '0.2.3',
476 silly addNameRange     '0.2.4',
476 silly addNameRange     '0.2.5',
476 silly addNameRange     '0.2.6',
476 silly addNameRange     '0.2.7',
476 silly addNameRange     '0.2.8',
476 silly addNameRange     '0.2.9',
476 silly addNameRange     '0.2.10',
476 silly addNameRange     '0.2.11',
476 silly addNameRange     '0.2.12' ] ]
477 verbose addNamed [ 'minimatch', '0.2.12' ]
478 verbose addNamed [ '0.2.12', '0.2.12' ]
479 silly lockFile 16b89810-minimatch-0-2-12 minimatch@0.2.12
480 verbose lock minimatch@0.2.12 /home/crousti/.npm/16b89810-minimatch-0-2-12.lock
481 verbose read json /home/crousti/.npm/minimatch/0.2.12/package/package.json
482 silly lockFile 16b89810-minimatch-0-2-12 minimatch@0.2.12
483 silly lockFile 16b89810-minimatch-0-2-12 minimatch@0.2.12
484 silly lockFile 38c78372-minimatch-0-x-x minimatch@0.x.x
485 silly lockFile 38c78372-minimatch-0-x-x minimatch@0.x.x
486 http 304 https://registry.npmjs.org/shelljs
487 silly registry.get cb [ 304,
487 silly registry.get   { server: 'CouchDB/1.3.0 (Erlang OTP/R15B03)',
487 silly registry.get     etag: '"4LKESUYSN1H19O1VKBPLPIFW0"',
487 silly registry.get     date: 'Fri, 19 Jul 2013 12:55:03 GMT',
487 silly registry.get     'content-length': '0' } ]
488 verbose etag shelljs from cache
489 silly addNameRange number 2 { name: 'shelljs', range: '>=0.1.0- <0.2.0-', hasData: true }
490 silly addNameRange versions [ 'shelljs',
490 silly addNameRange   [ '0.0.1',
490 silly addNameRange     '0.0.2',
490 silly addNameRange     '0.0.3',
490 silly addNameRange     '0.0.4',
490 silly addNameRange     '0.0.5',
490 silly addNameRange     '0.0.6',
490 silly addNameRange     '0.0.7',
490 silly addNameRange     '0.0.8',
490 silly addNameRange     '0.0.9',
490 silly addNameRange     '0.1.0',
490 silly addNameRange     '0.1.1',
490 silly addNameRange     '0.1.2',
490 silly addNameRange     '0.1.3',
490 silly addNameRange     '0.1.4',
490 silly addNameRange     '0.0.1-alpha1',
490 silly addNameRange     '0.0.2-pre1',
490 silly addNameRange     '0.0.4-pre1',
490 silly addNameRange     '0.0.5-pre1',
490 silly addNameRange     '0.0.5-pre2',
490 silly addNameRange     '0.0.5-pre3',
490 silly addNameRange     '0.0.5-pre4',
490 silly addNameRange     '0.0.6-pre1',
490 silly addNameRange     '0.0.6-pre2' ] ]
491 verbose addNamed [ 'shelljs', '0.1.4' ]
492 verbose addNamed [ '0.1.4', '0.1.4' ]
493 silly lockFile 77595a32-shelljs-0-1-4 shelljs@0.1.4
494 verbose lock shelljs@0.1.4 /home/crousti/.npm/77595a32-shelljs-0-1-4.lock
495 verbose read json /home/crousti/.npm/shelljs/0.1.4/package/package.json
496 silly lockFile 77595a32-shelljs-0-1-4 shelljs@0.1.4
497 silly lockFile 77595a32-shelljs-0-1-4 shelljs@0.1.4
498 silly lockFile cc65d7ed-shelljs-0-1-x shelljs@0.1.x
499 silly lockFile cc65d7ed-shelljs-0-1-x shelljs@0.1.x
500 http 304 https://registry.npmjs.org/cli
501 silly registry.get cb [ 304,
501 silly registry.get   { server: 'CouchDB/1.3.0 (Erlang OTP/R15B03)',
501 silly registry.get     etag: '"2GHZMDWWS1NNPAOKFDZLJP7D1"',
501 silly registry.get     date: 'Fri, 19 Jul 2013 12:55:03 GMT',
501 silly registry.get     'content-length': '0' } ]
502 verbose etag cli from cache
503 silly addNameRange number 2 { name: 'cli', range: '>=0.4.0- <0.5.0-', hasData: true }
504 silly addNameRange versions [ 'cli',
504 silly addNameRange   [ '0.1.0',
504 silly addNameRange     '0.1.1',
504 silly addNameRange     '0.1.3',
504 silly addNameRange     '0.1.4',
504 silly addNameRange     '0.1.5',
504 silly addNameRange     '0.1.6',
504 silly addNameRange     '0.1.7',
504 silly addNameRange     '0.1.8',
504 silly addNameRange     '0.1.9',
504 silly addNameRange     '0.2.0',
504 silly addNameRange     '0.2.1-1',
504 silly addNameRange     '0.2.2-1',
504 silly addNameRange     '0.2.3-1',
504 silly addNameRange     '0.2.3-2',
504 silly addNameRange     '0.2.3-3',
504 silly addNameRange     '0.2.3-4',
504 silly addNameRange     '0.2.3-5',
504 silly addNameRange     '0.2.4-1',
504 silly addNameRange     '0.2.4-2',
504 silly addNameRange     '0.2.5',
504 silly addNameRange     '0.2.6',
504 silly addNameRange     '0.2.7',
504 silly addNameRange     '0.2.8',
504 silly addNameRange     '0.3.0',
504 silly addNameRange     '0.3.1',
504 silly addNameRange     '0.3.2',
504 silly addNameRange     '0.3.3',
504 silly addNameRange     '0.3.4',
504 silly addNameRange     '0.3.5',
504 silly addNameRange     '0.3.6',
504 silly addNameRange     '0.3.7',
504 silly addNameRange     '0.3.8',
504 silly addNameRange     '0.3.9',
504 silly addNameRange     '0.4.0',
504 silly addNameRange     '0.4.1',
504 silly addNameRange     '0.4.2',
504 silly addNameRange     '0.4.3',
504 silly addNameRange     '0.4.4',
504 silly addNameRange     '0.4.4-1',
504 silly addNameRange     '0.4.4-2' ] ]
505 verbose addNamed [ 'cli', '0.4.4-2' ]
506 verbose addNamed [ '0.4.4-2', '0.4.4-2' ]
507 silly lockFile 1a615821-cli-0-4-4-2 cli@0.4.4-2
508 verbose lock cli@0.4.4-2 /home/crousti/.npm/1a615821-cli-0-4-4-2.lock
509 verbose read json /home/crousti/.npm/cli/0.4.4-2/package/package.json
510 silly lockFile 1a615821-cli-0-4-4-2 cli@0.4.4-2
511 silly lockFile 1a615821-cli-0-4-4-2 cli@0.4.4-2
512 silly lockFile c9212ae8-cli-0-4-x cli@0.4.x
513 silly lockFile c9212ae8-cli-0-4-x cli@0.4.x
514 http 500 https://github.com/ariya/esprima/tarball/master
515 error fetch failed https://github.com/ariya/esprima/tarball/master
516 info retry will retry, error on last attempt: Error: 500 Internal Server Error
517 info retry fetch attempt 2 at 14:55:15
518 verbose fetch to= /home/crousti/tmp/npm-3660/1374238501593-0.865058038616553/tmp.tgz
519 http GET https://github.com/ariya/esprima/tarball/master
520 http 500 https://github.com/ariya/esprima/tarball/master
521 error fetch failed https://github.com/ariya/esprima/tarball/master
522 info retry will retry, error on last attempt: Error: 500 Internal Server Error
523 info retry fetch attempt 3 at 14:56:21
524 verbose fetch to= /home/crousti/tmp/npm-3660/1374238501593-0.865058038616553/tmp.tgz
525 http GET https://github.com/ariya/esprima/tarball/master
526 http 500 https://github.com/ariya/esprima/tarball/master
527 error fetch failed https://github.com/ariya/esprima/tarball/master
528 silly lockFile d0b8fe59-com-ariya-esprima-tarball-master https://github.com/ariya/esprima/tarball/master
529 silly lockFile d0b8fe59-com-ariya-esprima-tarball-master https://github.com/ariya/esprima/tarball/master
530 verbose about to build /home/crousti/code/sandbox/sass-grid/node_modules/grunt-contrib-jshint/node_modules/jshint
531 info /home/crousti/code/sandbox/sass-grid/node_modules/grunt-contrib-jshint/node_modules/jshint unbuild
532 verbose from cache /home/crousti/code/sandbox/sass-grid/node_modules/grunt-contrib-jshint/node_modules/jshint/package.json
533 info preuninstall jshint@1.1.0
534 info uninstall jshint@1.1.0
535 verbose false,/home/crousti/code/sandbox/sass-grid/node_modules,/home/crousti/code/sandbox/sass-grid/node_modules/grunt-contrib-jshint/node_modules unbuild jshint@1.1.0
536 verbose /home/crousti/code/sandbox/sass-grid/node_modules/grunt-contrib-jshint/node_modules/.bin,[object Object] binRoot
537 info postuninstall jshint@1.1.0
538 verbose about to build /home/crousti/code/sandbox/sass-grid/node_modules/grunt-contrib-jshint
539 info /home/crousti/code/sandbox/sass-grid/node_modules/grunt-contrib-jshint unbuild
540 verbose from cache /home/crousti/code/sandbox/sass-grid/node_modules/grunt-contrib-jshint/package.json
541 info preuninstall grunt-contrib-jshint@0.4.3
542 info uninstall grunt-contrib-jshint@0.4.3
543 verbose true,/home/crousti/code/sandbox/sass-grid/node_modules,/home/crousti/code/sandbox/sass-grid/node_modules unbuild grunt-contrib-jshint@0.4.3
544 info postuninstall grunt-contrib-jshint@0.4.3
545 error Error: 500 Internal Server Error
545 error     at WriteStream.<anonymous> (/usr/lib/node_modules/npm/lib/utils/fetch.js:57:12)
545 error     at WriteStream.EventEmitter.emit (events.js:117:20)
545 error     at fs.js:1596:14
545 error     at Object.oncomplete (fs.js:107:15)
546 error If you need help, you may report this log at:
546 error     <http://github.com/isaacs/npm/issues>
546 error or email it to:
546 error     <npm-@googlegroups.com>
547 error System Linux 3.5.0-26-generic
548 error command "/usr/bin/node" "/usr/bin/npm" "install"
549 error cwd /home/crousti/code/sandbox/sass-grid
550 error node -v v0.10.12
551 error npm -v 1.2.32
552 verbose exit [ 1, true ]
